<?xml version="1.0" encoding="UTF-8"?>
<testng-results skipped="0" failed="0" ignored="0" total="1" passed="1">
  <reporter-output>
  </reporter-output>
  <suite name="Suite" duration-ms="70" started-at="2019-08-10T18:12:27Z" finished-at="2019-08-10T18:12:27Z">
    <groups>
    </groups>
    <test name="Test" duration-ms="70" started-at="2019-08-10T18:12:27Z" finished-at="2019-08-10T18:12:27Z">
      <class name="Mobileappium.ApiDemosTest">
        <test-method status="PASS" signature="testCase()[pri:0, instance:Mobileappium.ApiDemosTest@481a996b]" name="testCase" duration-ms="20" started-at="2019-08-10T18:12:27Z" finished-at="2019-08-10T18:12:27Z">
          <reporter-output>
          </reporter-output>
        </test-method> <!-- testCase -->
      </class> <!-- Mobileappium.ApiDemosTest -->
    </test> <!-- Test -->
  </suite> <!-- Suite -->
</testng-results>
